Running: C:\Xilinx\14.7\ISE_DS\ISE\bin\nt64\unwrapped\fuse.exe -intstyle ise -incremental -lib simprims_ver -lib unisims_ver -lib unimacro_ver -lib xilinxcorelib_ver -o C:/Xilinx/montacargas/estimulos_isim_par.exe -prj C:/Xilinx/montacargas/estimulos_par.prj work.estimulos work.glbl 
ISim P.20131013 (signature 0x7708f090)
Number of CPUs detected in this system: 2
Turning on mult-threading, number of parallel sub-compilation jobs: 4 
Determining compilation order of HDL files
Analyzing Verilog file "C:/Xilinx/montacargas/netgen/par/montacarga_timesim.v" into library work
Analyzing Verilog file "C:/Xilinx/montacargas/estimulos.v" into library work
Starting static elaboration
Completed static elaboration
Compiling module X_OPAD
Compiling module X_OBUF
Compiling module X_IPAD
Compiling module X_BUF
Compiling module X_PU
Compiling module X_BUFGMUX(LOC="BUFGMUX_X2Y11")
Compiling module X_INV(LOC="BUFGMUX_X2Y11")
Compiling module mux
Compiling module X_MUX2
Compiling module ffsrce
Compiling module X_FF
Compiling module X_LUT4(INIT=16'b011001100100000)
Compiling module X_FF(INIT=1'b1)
Compiling module X_ZERO
Compiling module X_ONE
Compiling module montacarga
Compiling module estimulos
Compiling module glbl
Time Resolution for simulation is 1ps.
Waiting for 11 sub-compilation(s) to finish...
WARNING:Simulator - Unable to copy libPortabilityNOSH.dll to the simulation executable directory: boost::filesystem::copy_file: El sistema no puede encontrar la ruta especificada, "isim\estimulos_isim_par.exe.sim\libPortability.dll".
Compiled 231 Verilog Units
Built simulation executable C:/Xilinx/montacargas/estimulos_isim_par.exe
Fuse Memory Usage: 31568 KB
Fuse CPU Usage: 3342 ms
